
Showing logs for build [32mcb-kubecd-environment-pr-199-16-6wt7k-1[0m stage [32mfrom-build-pack[0m and container [32mstep-credential-initializer-r95m7[0m
{"level":"warn","ts":1586825473.1645203,"logger":"fallback-logger","caller":"logging/config.go:69","msg":"Fetch GitHub commit ID from kodata failed: \"ref: refs/heads/0.8.0-**-support-backwards-incompats\" is not a valid GitHub commit ID"}
{"level":"info","ts":1586825473.1654787,"logger":"fallback-logger","caller":"creds-init/main.go:40","msg":"Credentials initialized."}

Showing logs for build [32mcb-kubecd-environment-pr-199-16-6wt7k-1[0m stage [32mfrom-build-pack[0m and container [32mstep-working-dir-initializer-j7448[0m
{"level":"warn","ts":1586825474.5463111,"logger":"fallback-logger","caller":"logging/config.go:69","msg":"Fetch GitHub commit ID from kodata failed: open /var/run/ko/HEAD: no such file or directory"}
{"level":"info","ts":1586825474.5482836,"logger":"fallback-logger","caller":"bash/main.go:64","msg":"Successfully executed command \"sh -c mkdir -p /workspace/source\"; output "}

Showing logs for build [32mcb-kubecd-environment-pr-199-16-6wt7k-1[0m stage [32mfrom-build-pack[0m and container [32mstep-place-tools[0m

Showing logs for build [32mcb-kubecd-environment-pr-199-16-6wt7k-1[0m stage [32mfrom-build-pack[0m and container [32mstep-git-source-cb-kubecd-environment-pr-199-16-6wt7k-szhgg[0m
{"level":"warn","ts":1586825479.706267,"logger":"fallback-logger","caller":"logging/config.go:69","msg":"Fetch GitHub commit ID from kodata failed: \"ref: refs/heads/0.8.0-**-support-backwards-incompats\" is not a valid GitHub commit ID"}
{"level":"info","ts":1586825480.7208712,"logger":"fallback-logger","caller":"git/git.go:103","msg":"Successfully cloned https://github.com/cb-kubecd/environment-pr-199-162-boot-vault-gke-production.git @ master in path /workspace/source"}

Showing logs for build [32mcb-kubecd-environment-pr-199-16-6wt7k-1[0m stage [32mfrom-build-pack[0m and container [32mstep-git-merge[0m
Using SHAs from PULL_REFS=master:7e4edaad213a2cf19799217e990a94aaee8659fd,1:7d97c53aec9246f2bc422292246bcb1f413d3ddf
DEBUG: LC_ALL=C JX_LOG_LEVEL=error git fetch origin --unshallow 7d97c53aec9246f2bc422292246bcb1f413d3ddf: 7e4edaad213a2cf19799217e990a94aaee8659fd:
DEBUG: ran git fetch --unshallow origin 7d97c53aec9246f2bc422292246bcb1f413d3ddf: 7e4edaad213a2cf19799217e990a94aaee8659fd: in 
DEBUG: LC_ALL=C JX_LOG_LEVEL=error git branch
DEBUG: LC_ALL=C JX_LOG_LEVEL=error git checkout master
DEBUG: ran git checkout master in 
DEBUG: LC_ALL=C JX_LOG_LEVEL=error git reset --hard 7e4edaad213a2cf19799217e990a94aaee8659fd
DEBUG: ran git reset --hard 7e4edaad213a2cf19799217e990a94aaee8659fd in 
DEBUG: LC_ALL=C JX_LOG_LEVEL=error git clean -fd .
DEBUG: ran clean --force -d . in 
DEBUG: LC_ALL=C JX_LOG_LEVEL=error git merge 7d97c53aec9246f2bc422292246bcb1f413d3ddf
DEBUG: ran git merge 7d97c53aec9246f2bc422292246bcb1f413d3ddf in 
DEBUG: LC_ALL=C JX_LOG_LEVEL=error git log --format=%H%x1f%an%x1f%ae%x1f%cn%x1f%ce%x1f%s%n%b%x1e 7e4edaad213a2cf19799217e990a94aaee8659fd..HEAD
Merged SHA 7d97c53aec9246f2bc422292246bcb1f413d3ddf with commit message 'chore: Promote bdd-spring-1586824319 to version 0.0.1' into base branch master

Showing logs for build [32mcb-kubecd-environment-pr-199-16-6wt7k-1[0m stage [32mfrom-build-pack[0m and container [32mstep-build-helm-build[0m
WARNING: No $CHART_REPOSITORY defined so using the default value of: http://jenkins-x-chartmuseum:8080
Adding missing Helm repo: storage.googleapis.com https://storage.googleapis.com/chartmuseum.jenkins-x.io
WARNING: No secrets found on "helm/repos" due: reading the secret "helm/repos" from vault: no secret "helm/repos" not found in vault
Read credentials for https://storage.googleapis.com/chartmuseum.jenkins-x.io from vault helm/repos
Successfully added Helm repository storage.googleapis.com.
Adding missing Helm repo: jenkins-x-chartmuseum http://jenkins-x-chartmuseum:8080
WARNING: No secrets found on "helm/repos" due: reading the secret "helm/repos" from vault: no secret "helm/repos" not found in vault
Read credentials for http://jenkins-x-chartmuseum:8080 from vault helm/repos
Successfully added Helm repository jenkins-x-chartmuseum.
WARNING: No $CHART_REPOSITORY defined so using the default value of: http://jenkins-x-chartmuseum:8080
Adding missing Helm repo: chartmuseum.jenkins-x.io http://chartmuseum.jenkins-x.io
WARNING: No secrets found on "helm/repos" due: reading the secret "helm/repos" from vault: no secret "helm/repos" not found in vault
Read credentials for http://chartmuseum.jenkins-x.io from vault helm/repos
Successfully added Helm repository chartmuseum.jenkins-x.io.
